[2016-09-06T19:58:13.150-0500] [glassfish 4.0] [SEVERE] [] [javax.enterprise.resource.webcontainer.jsf.application] [tid: _ThreadID=79 _ThreadName=http-listener-1(1)] [timeMillis: 1473209893150] [levelValue: 1000] [[
  Error Rendering View[/carrito-compras.xhtml]
javax.el.ELException: /carrito-compras.xhtml @71,26 value="#{carritoBean.carritos}": java.lang.NoSuchMethodError: com.losalpes.servicios.IServicioCarrito.darCarritoCompras()Ljava/util/List;
	at com.sun.faces.facelets.el.TagValueExpression.getValue(TagValueExpression.java:114)
	at javax.faces.component.ComponentStateHelper.eval(ComponentStateHelper.java:194)
	at javax.faces.component.ComponentStateHelper.eval(ComponentStateHelper.java:182)
	at javax.faces.component.UIData.getValue(UIData.java:732)
	at org.primefaces.component.api.UIData.getDataModel(UIData.java:758)
	at javax.faces.component.UIData.getRowCount(UIData.java:356)
	at org.primefaces.component.api.UIData.calculateFirst(UIData.java:209)
	at org.primefaces.component.datatable.DataTableRenderer.preRender(DataTableRenderer.java:115)
	at org.primefaces.component.datatable.DataTableRenderer.encodeEnd(DataTableRenderer.java:83)
	at javax.faces.component.UIComponentBase.encodeEnd(UIComponentBase.java:924)
	at javax.faces.component.UIComponent.encodeAll(UIComponent.java:1863)
	at javax.faces.render.Renderer.encodeChildren(Renderer.java:176)
	at javax.faces.component.UIComponentBase.encodeChildren(UIComponentBase.java:894)
	at javax.faces.component.UIComponent.encodeAll(UIComponent.java:1856)
	at javax.faces.component.UIComponent.encodeAll(UIComponent.java:1859)
	at javax.faces.component.UIComponent.encodeAll(UIComponent.java:1859)
	at com.sun.faces.application.view.FaceletViewHandlingStrategy.renderView(FaceletViewHandlingStrategy.java:443)
	at com.sun.faces.application.view.MultiViewHandler.renderView(MultiViewHandler.java:131)
	at com.sun.faces.lifecycle.RenderResponsePhase.execute(RenderResponsePhase.java:120)
	at com.sun.faces.lifecycle.Phase.doPhase(Phase.java:101)
	at com.sun.faces.lifecycle.LifecycleImpl.render(LifecycleImpl.java:219)
	at javax.faces.webapp.FacesServlet.service(FacesServlet.java:647)
	at org.apache.catalina.core.StandardWrapper.service(StandardWrapper.java:1682)
	at org.apache.catalina.core.StandardWrapperValve.invoke(StandardWrapperValve.java:318)
	at org.apache.catalina.core.StandardContextValve.invoke(StandardContextValve.java:160)
	at org.apache.catalina.core.StandardPipeline.doInvoke(StandardPipeline.java:734)
	at org.apache.catalina.core.StandardPipeline.invoke(StandardPipeline.java:673)
	at com.sun.enterprise.web.WebPipeline.invoke(WebPipeline.java:99)
	at org.apache.catalina.core.StandardHostValve.invoke(StandardHostValve.java:174)
	at org.apache.catalina.connector.CoyoteAdapter.doService(CoyoteAdapter.java:357)
	at org.apache.catalina.connector.CoyoteAdapter.service(CoyoteAdapter.java:260)
	at com.sun.enterprise.v3.services.impl.ContainerMapper.service(ContainerMapper.java:188)
	at org.glassfish.grizzly.http.server.HttpHandler.runService(HttpHandler.java:191)
	at org.glassfish.grizzly.http.server.HttpHandler.doHandle(HttpHandler.java:168)
	at org.glassfish.grizzly.http.server.HttpServerFilter.handleRead(HttpServerFilter.java:189)
	at org.glassfish.grizzly.filterchain.ExecutorResolver$9.execute(ExecutorResolver.java:119)
	at org.glassfish.grizzly.filterchain.DefaultFilterChain.executeFilter(DefaultFilterChain.java:288)
	at org.glassfish.grizzly.filterchain.DefaultFilterChain.executeChainPart(DefaultFilterChain.java:206)
	at org.glassfish.grizzly.filterchain.DefaultFilterChain.execute(DefaultFilterChain.java:136)
	at org.glassfish.grizzly.filterchain.DefaultFilterChain.process(DefaultFilterChain.java:114)
	at org.glassfish.grizzly.ProcessorExecutor.execute(ProcessorExecutor.java:77)
	at org.glassfish.grizzly.nio.transport.TCPNIOTransport.fireIOEvent(TCPNIOTransport.java:838)
	at org.glassfish.grizzly.strategies.AbstractIOStrategy.fireIOEvent(AbstractIOStrategy.java:113)
	at org.glassfish.grizzly.strategies.WorkerThreadIOStrategy.run0(WorkerThreadIOStrategy.java:115)
	at org.glassfish.grizzly.strategies.WorkerThreadIOStrategy.access$100(WorkerThreadIOStrategy.java:55)
	at org.glassfish.grizzly.strategies.WorkerThreadIOStrategy$WorkerThreadRunnable.run(WorkerThreadIOStrategy.java:135)
	at org.glassfish.grizzly.threadpool.AbstractThreadPool$Worker.doWork(AbstractThreadPool.java:564)
	at org.glassfish.grizzly.threadpool.AbstractThreadPool$Worker.run(AbstractThreadPool.java:544)
	at java.lang.Thread.run(Thread.java:745)
Caused by: javax.el.ELException: java.lang.NoSuchMethodError: com.losalpes.servicios.IServicioCarrito.darCarritoCompras()Ljava/util/List;
	at javax.el.BeanELResolver.getValue(BeanELResolver.java:368)
	at com.sun.faces.el.DemuxCompositeELResolver._getValue(DemuxCompositeELResolver.java:176)
	at com.sun.faces.el.DemuxCompositeELResolver.getValue(DemuxCompositeELResolver.java:203)
	at com.sun.el.parser.AstValue.getValue(AstValue.java:140)
	at com.sun.el.parser.AstValue.getValue(AstValue.java:204)
	at com.sun.el.ValueExpressionImpl.getValue(ValueExpressionImpl.java:226)
	at com.sun.faces.facelets.el.TagValueExpression.getValue(TagValueExpression.java:109)
	... 48 more
Caused by: java.lang.NoSuchMethodError: com.losalpes.servicios.IServicioCarrito.darCarritoCompras()Ljava/util/List;
	at com.losalpes.beans.carritoBean.getCarritos(carritoBean.java:99)
	at sun.reflect.NativeMethodAccessorImpl.invoke0(Native Method)
	at sun.reflect.NativeMethodAccessorImpl.invoke(NativeMethodAccessorImpl.java:57)
	at sun.reflect.DelegatingMethodAccessorImpl.invoke(DelegatingMethodAccessorImpl.java:43)
	at java.lang.reflect.Method.invoke(Method.java:606)
	at javax.el.BeanELResolver.getValue(BeanELResolver.java:363)
	... 54 more
]]

[2016-09-06T19:58:13.163-0500] [glassfish 4.0] [FATAL] [jsf.context.exception.handler.log] [javax.enterprise.resource.webcontainer.jsf.context] [tid: _ThreadID=79 _ThreadName=http-listener-1(1)] [timeMillis: 1473209893163] [levelValue: 1100] [[
  JSF1073: se ha interceptado javax.el.ELException durante el procesamiento de RENDER_RESPONSE 6 : UIComponent-ClientId=, Mensaje=/carrito-compras.xhtml @71,26 value="#{carritoBean.carritos}": java.lang.NoSuchMethodError: com.losalpes.servicios.IServicioCarrito.darCarritoCompras()Ljava/util/List;]]

[2016-09-06T19:58:13.163-0500] [glassfish 4.0] [FATAL] [] [javax.enterprise.resource.webcontainer.jsf.context] [tid: _ThreadID=79 _ThreadName=http-listener-1(1)] [timeMillis: 1473209893163] [levelValue: 1100] [[
  /carrito-compras.xhtml @71,26 value="#{carritoBean.carritos}": java.lang.NoSuchMethodError: com.losalpes.servicios.IServicioCarrito.darCarritoCompras()Ljava/util/List;
javax.el.ELException: /carrito-compras.xhtml @71,26 value="#{carritoBean.carritos}": java.lang.NoSuchMethodError: com.losalpes.servicios.IServicioCarrito.darCarritoCompras()Ljava/util/List;
	at com.sun.faces.facelets.el.TagValueExpression.getValue(TagValueExpression.java:114)
	at javax.faces.component.ComponentStateHelper.eval(ComponentStateHelper.java:194)
	at javax.faces.component.ComponentStateHelper.eval(ComponentStateHelper.java:182)
	at javax.faces.component.UIData.getValue(UIData.java:732)
	at org.primefaces.component.api.UIData.getDataModel(UIData.java:758)
	at javax.faces.component.UIData.getRowCount(UIData.java:356)
	at org.primefaces.component.api.UIData.calculateFirst(UIData.java:209)
	at org.primefaces.component.datatable.DataTableRenderer.preRender(DataTableRenderer.java:115)
	at org.primefaces.component.datatable.DataTableRenderer.encodeEnd(DataTableRenderer.java:83)
	at javax.faces.component.UIComponentBase.encodeEnd(UIComponentBase.java:924)
	at javax.faces.component.UIComponent.encodeAll(UIComponent.java:1863)
	at javax.faces.render.Renderer.encodeChildren(Renderer.java:176)
	at javax.faces.component.UIComponentBase.encodeChildren(UIComponentBase.java:894)
	at javax.faces.component.UIComponent.encodeAll(UIComponent.java:1856)
	at javax.faces.component.UIComponent.encodeAll(UIComponent.java:1859)
	at javax.faces.component.UIComponent.encodeAll(UIComponent.java:1859)
	at com.sun.faces.application.view.FaceletViewHandlingStrategy.renderView(FaceletViewHandlingStrategy.java:443)
	at com.sun.faces.application.view.MultiViewHandler.renderView(MultiViewHandler.java:131)
	at com.sun.faces.lifecycle.RenderResponsePhase.execute(RenderResponsePhase.java:120)
	at com.sun.faces.lifecycle.Phase.doPhase(Phase.java:101)
	at com.sun.faces.lifecycle.LifecycleImpl.render(LifecycleImpl.java:219)
	at javax.faces.webapp.FacesServlet.service(FacesServlet.java:647)
	at org.apache.catalina.core.StandardWrapper.service(StandardWrapper.java:1682)
	at org.apache.catalina.core.StandardWrapperValve.invoke(StandardWrapperValve.java:318)
	at org.apache.catalina.core.StandardContextValve.invoke(StandardContextValve.java:160)
	at org.apache.catalina.core.StandardPipeline.doInvoke(StandardPipeline.java:734)
	at org.apache.catalina.core.StandardPipeline.invoke(StandardPipeline.java:673)
	at com.sun.enterprise.web.WebPipeline.invoke(WebPipeline.java:99)
	at org.apache.catalina.core.StandardHostValve.invoke(StandardHostValve.java:174)
	at org.apache.catalina.connector.CoyoteAdapter.doService(CoyoteAdapter.java:357)
	at org.apache.catalina.connector.CoyoteAdapter.service(CoyoteAdapter.java:260)
	at com.sun.enterprise.v3.services.impl.ContainerMapper.service(ContainerMapper.java:188)
	at org.glassfish.grizzly.http.server.HttpHandler.runService(HttpHandler.java:191)
	at org.glassfish.grizzly.http.server.HttpHandler.doHandle(HttpHandler.java:168)
	at org.glassfish.grizzly.http.server.HttpServerFilter.handleRead(HttpServerFilter.java:189)
	at org.glassfish.grizzly.filterchain.ExecutorResolver$9.execute(ExecutorResolver.java:119)
	at org.glassfish.grizzly.filterchain.DefaultFilterChain.executeFilter(DefaultFilterChain.java:288)
	at org.glassfish.grizzly.filterchain.DefaultFilterChain.executeChainPart(DefaultFilterChain.java:206)
	at org.glassfish.grizzly.filterchain.DefaultFilterChain.execute(DefaultFilterChain.java:136)
	at org.glassfish.grizzly.filterchain.DefaultFilterChain.process(DefaultFilterChain.java:114)
	at org.glassfish.grizzly.ProcessorExecutor.execute(ProcessorExecutor.java:77)
	at org.glassfish.grizzly.nio.transport.TCPNIOTransport.fireIOEvent(TCPNIOTransport.java:838)
	at org.glassfish.grizzly.strategies.AbstractIOStrategy.fireIOEvent(AbstractIOStrategy.java:113)
	at org.glassfish.grizzly.strategies.WorkerThreadIOStrategy.run0(WorkerThreadIOStrategy.java:115)
	at org.glassfish.grizzly.strategies.WorkerThreadIOStrategy.access$100(WorkerThreadIOStrategy.java:55)
	at org.glassfish.grizzly.strategies.WorkerThreadIOStrategy$WorkerThreadRunnable.run(WorkerThreadIOStrategy.java:135)
	at org.glassfish.grizzly.threadpool.AbstractThreadPool$Worker.doWork(AbstractThreadPool.java:564)
	at org.glassfish.grizzly.threadpool.AbstractThreadPool$Worker.run(AbstractThreadPool.java:544)
	at java.lang.Thread.run(Thread.java:745)
Caused by: javax.el.ELException: java.lang.NoSuchMethodError: com.losalpes.servicios.IServicioCarrito.darCarritoCompras()Ljava/util/List;
	at javax.el.BeanELResolver.getValue(BeanELResolver.java:368)
	at com.sun.faces.el.DemuxCompositeELResolver._getValue(DemuxCompositeELResolver.java:176)
	at com.sun.faces.el.DemuxCompositeELResolver.getValue(DemuxCompositeELResolver.java:203)
	at com.sun.el.parser.AstValue.getValue(AstValue.java:140)
	at com.sun.el.parser.AstValue.getValue(AstValue.java:204)
	at com.sun.el.ValueExpressionImpl.getValue(ValueExpressionImpl.java:226)
	at com.sun.faces.facelets.el.TagValueExpression.getValue(TagValueExpression.java:109)
	... 48 more
Caused by: java.lang.NoSuchMethodError: com.losalpes.servicios.IServicioCarrito.darCarritoCompras()Ljava/util/List;
	at com.losalpes.beans.carritoBean.getCarritos(carritoBean.java:99)
	at sun.reflect.NativeMethodAccessorImpl.invoke0(Native Method)
	at sun.reflect.NativeMethodAccessorImpl.invoke(NativeMethodAccessorImpl.java:57)
	at sun.reflect.DelegatingMethodAccessorImpl.invoke(DelegatingMethodAccessorImpl.java:43)
	at java.lang.reflect.Method.invoke(Method.java:606)
	at javax.el.BeanELResolver.getValue(BeanELResolver.java:363)
	... 54 more
]]

[2016-09-06T19:58:46.239-0500] [glassfish 4.0] [SEVERE] [] [javax.enterprise.resource.webcontainer.jsf.application] [tid: _ThreadID=80 _ThreadName=http-listener-1(2)] [timeMillis: 1473209926239] [levelValue: 1000] [[
  Error Rendering View[/carrito-compras.xhtml]
javax.el.ELException: /carrito-compras.xhtml @71,26 value="#{carritoBean.carritos}": java.lang.NoSuchMethodError: com.losalpes.servicios.IServicioCarrito.darCarritoCompras()Ljava/util/List;
	at com.sun.faces.facelets.el.TagValueExpression.getValue(TagValueExpression.java:114)
	at javax.faces.component.ComponentStateHelper.eval(ComponentStateHelper.java:194)
	at javax.faces.component.ComponentStateHelper.eval(ComponentStateHelper.java:182)
	at javax.faces.component.UIData.getValue(UIData.java:732)
	at org.primefaces.component.api.UIData.getDataModel(UIData.java:758)
	at javax.faces.component.UIData.getRowCount(UIData.java:356)
	at org.primefaces.component.api.UIData.calculateFirst(UIData.java:209)
	at org.primefaces.component.datatable.DataTableRenderer.preRender(DataTableRenderer.java:115)
	at org.primefaces.component.datatable.DataTableRenderer.encodeEnd(DataTableRenderer.java:83)
	at javax.faces.component.UIComponentBase.encodeEnd(UIComponentBase.java:924)
	at javax.faces.component.UIComponent.encodeAll(UIComponent.java:1863)
	at javax.faces.render.Renderer.encodeChildren(Renderer.java:176)
	at javax.faces.component.UIComponentBase.encodeChildren(UIComponentBase.java:894)
	at javax.faces.component.UIComponent.encodeAll(UIComponent.java:1856)
	at javax.faces.component.UIComponent.encodeAll(UIComponent.java:1859)
	at javax.faces.component.UIComponent.encodeAll(UIComponent.java:1859)
	at com.sun.faces.application.view.FaceletViewHandlingStrategy.renderView(FaceletViewHandlingStrategy.java:443)
	at com.sun.faces.application.view.MultiViewHandler.renderView(MultiViewHandler.java:131)
	at com.sun.faces.lifecycle.RenderResponsePhase.execute(RenderResponsePhase.java:120)
	at com.sun.faces.lifecycle.Phase.doPhase(Phase.java:101)
	at com.sun.faces.lifecycle.LifecycleImpl.render(LifecycleImpl.java:219)
	at javax.faces.webapp.FacesServlet.service(FacesServlet.java:647)
	at org.apache.catalina.core.StandardWrapper.service(StandardWrapper.java:1682)
	at org.apache.catalina.core.StandardWrapperValve.invoke(StandardWrapperValve.java:318)
	at org.apache.catalina.core.StandardContextValve.invoke(StandardContextValve.java:160)
	at org.apache.catalina.core.StandardPipeline.doInvoke(StandardPipeline.java:734)
	at org.apache.catalina.core.StandardPipeline.invoke(StandardPipeline.java:673)
	at com.sun.enterprise.web.WebPipeline.invoke(WebPipeline.java:99)
	at org.apache.catalina.core.StandardHostValve.invoke(StandardHostValve.java:174)
	at org.apache.catalina.connector.CoyoteAdapter.doService(CoyoteAdapter.java:357)
	at org.apache.catalina.connector.CoyoteAdapter.service(CoyoteAdapter.java:260)
	at com.sun.enterprise.v3.services.impl.ContainerMapper.service(ContainerMapper.java:188)
	at org.glassfish.grizzly.http.server.HttpHandler.runService(HttpHandler.java:191)
	at org.glassfish.grizzly.http.server.HttpHandler.doHandle(HttpHandler.java:168)
	at org.glassfish.grizzly.http.server.HttpServerFilter.handleRead(HttpServerFilter.java:189)
	at org.glassfish.grizzly.filterchain.ExecutorResolver$9.execute(ExecutorResolver.java:119)
	at org.glassfish.grizzly.filterchain.DefaultFilterChain.executeFilter(DefaultFilterChain.java:288)
	at org.glassfish.grizzly.filterchain.DefaultFilterChain.executeChainPart(DefaultFilterChain.java:206)
	at org.glassfish.grizzly.filterchain.DefaultFilterChain.execute(DefaultFilterChain.java:136)
	at org.glassfish.grizzly.filterchain.DefaultFilterChain.process(DefaultFilterChain.java:114)
	at org.glassfish.grizzly.ProcessorExecutor.execute(ProcessorExecutor.java:77)
	at org.glassfish.grizzly.nio.transport.TCPNIOTransport.fireIOEvent(TCPNIOTransport.java:838)
	at org.glassfish.grizzly.strategies.AbstractIOStrategy.fireIOEvent(AbstractIOStrategy.java:113)
	at org.glassfish.grizzly.strategies.WorkerThreadIOStrategy.run0(WorkerThreadIOStrategy.java:115)
	at org.glassfish.grizzly.strategies.WorkerThreadIOStrategy.access$100(WorkerThreadIOStrategy.java:55)
	at org.glassfish.grizzly.strategies.WorkerThreadIOStrategy$WorkerThreadRunnable.run(WorkerThreadIOStrategy.java:135)
	at org.glassfish.grizzly.threadpool.AbstractThreadPool$Worker.doWork(AbstractThreadPool.java:564)
	at org.glassfish.grizzly.threadpool.AbstractThreadPool$Worker.run(AbstractThreadPool.java:544)
	at java.lang.Thread.run(Thread.java:745)
Caused by: javax.el.ELException: java.lang.NoSuchMethodError: com.losalpes.servicios.IServicioCarrito.darCarritoCompras()Ljava/util/List;
	at javax.el.BeanELResolver.getValue(BeanELResolver.java:368)
	at com.sun.faces.el.DemuxCompositeELResolver._getValue(DemuxCompositeELResolver.java:176)
	at com.sun.faces.el.DemuxCompositeELResolver.getValue(DemuxCompositeELResolver.java:203)
	at com.sun.el.parser.AstValue.getValue(AstValue.java:140)
	at com.sun.el.parser.AstValue.getValue(AstValue.java:204)
	at com.sun.el.ValueExpressionImpl.getValue(ValueExpressionImpl.java:226)
	at com.sun.faces.facelets.el.TagValueExpression.getValue(TagValueExpression.java:109)
	... 48 more
Caused by: java.lang.NoSuchMethodError: com.losalpes.servicios.IServicioCarrito.darCarritoCompras()Ljava/util/List;
	at com.losalpes.beans.carritoBean.getCarritos(carritoBean.java:99)
	at sun.reflect.NativeMethodAccessorImpl.invoke0(Native Method)
	at sun.reflect.NativeMethodAccessorImpl.invoke(NativeMethodAccessorImpl.java:57)
	at sun.reflect.DelegatingMethodAccessorImpl.invoke(DelegatingMethodAccessorImpl.java:43)
	at java.lang.reflect.Method.invoke(Method.java:606)
	at javax.el.BeanELResolver.getValue(BeanELResolver.java:363)
	... 54 more
]]

[2016-09-06T19:58:46.245-0500] [glassfish 4.0] [FATAL] [jsf.context.exception.handler.log] [javax.enterprise.resource.webcontainer.jsf.context] [tid: _ThreadID=80 _ThreadName=http-listener-1(2)] [timeMillis: 1473209926245] [levelValue: 1100] [[
  JSF1073: se ha interceptado javax.el.ELException durante el procesamiento de RENDER_RESPONSE 6 : UIComponent-ClientId=, Mensaje=/carrito-compras.xhtml @71,26 value="#{carritoBean.carritos}": java.lang.NoSuchMethodError: com.losalpes.servicios.IServicioCarrito.darCarritoCompras()Ljava/util/List;]]

[2016-09-06T19:58:46.245-0500] [glassfish 4.0] [FATAL] [] [javax.enterprise.resource.webcontainer.jsf.context] [tid: _ThreadID=80 _ThreadName=http-listener-1(2)] [timeMillis: 1473209926245] [levelValue: 1100] [[
  /carrito-compras.xhtml @71,26 value="#{carritoBean.carritos}": java.lang.NoSuchMethodError: com.losalpes.servicios.IServicioCarrito.darCarritoCompras()Ljava/util/List;
javax.el.ELException: /carrito-compras.xhtml @71,26 value="#{carritoBean.carritos}": java.lang.NoSuchMethodError: com.losalpes.servicios.IServicioCarrito.darCarritoCompras()Ljava/util/List;
	at com.sun.faces.facelets.el.TagValueExpression.getValue(TagValueExpression.java:114)
	at javax.faces.component.ComponentStateHelper.eval(ComponentStateHelper.java:194)
	at javax.faces.component.ComponentStateHelper.eval(ComponentStateHelper.java:182)
	at javax.faces.component.UIData.getValue(UIData.java:732)
	at org.primefaces.component.api.UIData.getDataModel(UIData.java:758)
	at javax.faces.component.UIData.getRowCount(UIData.java:356)
	at org.primefaces.component.api.UIData.calculateFirst(UIData.java:209)
	at org.primefaces.component.datatable.DataTableRenderer.preRender(DataTableRenderer.java:115)
	at org.primefaces.component.datatable.DataTableRenderer.encodeEnd(DataTableRenderer.java:83)
	at javax.faces.component.UIComponentBase.encodeEnd(UIComponentBase.java:924)
	at javax.faces.component.UIComponent.encodeAll(UIComponent.java:1863)
	at javax.faces.render.Renderer.encodeChildren(Renderer.java:176)
	at javax.faces.component.UIComponentBase.encodeChildren(UIComponentBase.java:894)
	at javax.faces.component.UIComponent.encodeAll(UIComponent.java:1856)
	at javax.faces.component.UIComponent.encodeAll(UIComponent.java:1859)
	at javax.faces.component.UIComponent.encodeAll(UIComponent.java:1859)
	at com.sun.faces.application.view.FaceletViewHandlingStrategy.renderView(FaceletViewHandlingStrategy.java:443)
	at com.sun.faces.application.view.MultiViewHandler.renderView(MultiViewHandler.java:131)
	at com.sun.faces.lifecycle.RenderResponsePhase.execute(RenderResponsePhase.java:120)
	at com.sun.faces.lifecycle.Phase.doPhase(Phase.java:101)
	at com.sun.faces.lifecycle.LifecycleImpl.render(LifecycleImpl.java:219)
	at javax.faces.webapp.FacesServlet.service(FacesServlet.java:647)
	at org.apache.catalina.core.StandardWrapper.service(StandardWrapper.java:1682)
	at org.apache.catalina.core.StandardWrapperValve.invoke(StandardWrapperValve.java:318)
	at org.apache.catalina.core.StandardContextValve.invoke(StandardContextValve.java:160)
	at org.apache.catalina.core.StandardPipeline.doInvoke(StandardPipeline.java:734)
	at org.apache.catalina.core.StandardPipeline.invoke(StandardPipeline.java:673)
	at com.sun.enterprise.web.WebPipeline.invoke(WebPipeline.java:99)
	at org.apache.catalina.core.StandardHostValve.invoke(StandardHostValve.java:174)
	at org.apache.catalina.connector.CoyoteAdapter.doService(CoyoteAdapter.java:357)
	at org.apache.catalina.connector.CoyoteAdapter.service(CoyoteAdapter.java:260)
	at com.sun.enterprise.v3.services.impl.ContainerMapper.service(ContainerMapper.java:188)
	at org.glassfish.grizzly.http.server.HttpHandler.runService(HttpHandler.java:191)
	at org.glassfish.grizzly.http.server.HttpHandler.doHandle(HttpHandler.java:168)
	at org.glassfish.grizzly.http.server.HttpServerFilter.handleRead(HttpServerFilter.java:189)
	at org.glassfish.grizzly.filterchain.ExecutorResolver$9.execute(ExecutorResolver.java:119)
	at org.glassfish.grizzly.filterchain.DefaultFilterChain.executeFilter(DefaultFilterChain.java:288)
	at org.glassfish.grizzly.filterchain.DefaultFilterChain.executeChainPart(DefaultFilterChain.java:206)
	at org.glassfish.grizzly.filterchain.DefaultFilterChain.execute(DefaultFilterChain.java:136)
	at org.glassfish.grizzly.filterchain.DefaultFilterChain.process(DefaultFilterChain.java:114)
	at org.glassfish.grizzly.ProcessorExecutor.execute(ProcessorExecutor.java:77)
	at org.glassfish.grizzly.nio.transport.TCPNIOTransport.fireIOEvent(TCPNIOTransport.java:838)
	at org.glassfish.grizzly.strategies.AbstractIOStrategy.fireIOEvent(AbstractIOStrategy.java:113)
	at org.glassfish.grizzly.strategies.WorkerThreadIOStrategy.run0(WorkerThreadIOStrategy.java:115)
	at org.glassfish.grizzly.strategies.WorkerThreadIOStrategy.access$100(WorkerThreadIOStrategy.java:55)
	at org.glassfish.grizzly.strategies.WorkerThreadIOStrategy$WorkerThreadRunnable.run(WorkerThreadIOStrategy.java:135)
	at org.glassfish.grizzly.threadpool.AbstractThreadPool$Worker.doWork(AbstractThreadPool.java:564)
	at org.glassfish.grizzly.threadpool.AbstractThreadPool$Worker.run(AbstractThreadPool.java:544)
	at java.lang.Thread.run(Thread.java:745)
Caused by: javax.el.ELException: java.lang.NoSuchMethodError: com.losalpes.servicios.IServicioCarrito.darCarritoCompras()Ljava/util/List;
	at javax.el.BeanELResolver.getValue(BeanELResolver.java:368)
	at com.sun.faces.el.DemuxCompositeELResolver._getValue(DemuxCompositeELResolver.java:176)
	at com.sun.faces.el.DemuxCompositeELResolver.getValue(DemuxCompositeELResolver.java:203)
	at com.sun.el.parser.AstValue.getValue(AstValue.java:140)
	at com.sun.el.parser.AstValue.getValue(AstValue.java:204)
	at com.sun.el.ValueExpressionImpl.getValue(ValueExpressionImpl.java:226)
	at com.sun.faces.facelets.el.TagValueExpression.getValue(TagValueExpression.java:109)
	... 48 more
Caused by: java.lang.NoSuchMethodError: com.losalpes.servicios.IServicioCarrito.darCarritoCompras()Ljava/util/List;
	at com.losalpes.beans.carritoBean.getCarritos(carritoBean.java:99)
	at sun.reflect.NativeMethodAccessorImpl.invoke0(Native Method)
	at sun.reflect.NativeMethodAccessorImpl.invoke(NativeMethodAccessorImpl.java:57)
	at sun.reflect.DelegatingMethodAccessorImpl.invoke(DelegatingMethodAccessorImpl.java:43)
	at java.lang.reflect.Method.invoke(Method.java:606)
	at javax.el.BeanELResolver.getValue(BeanELResolver.java:363)
	... 54 more
]]

[2016-09-06T20:00:20.100-0500] [glassfish 4.0] [SEVERE] [] [javax.enterprise.resource.webcontainer.jsf.application] [tid: _ThreadID=82 _ThreadName=http-listener-1(4)] [timeMillis: 1473210020100] [levelValue: 1000] [[
  Error Rendering View[/carrito-compras.xhtml]
javax.el.ELException: /carrito-compras.xhtml @71,26 value="#{carritoBean.carritos}": java.lang.NoSuchMethodError: com.losalpes.servicios.IServicioCarrito.darCarritoCompras()Ljava/util/List;
	at com.sun.faces.facelets.el.TagValueExpression.getValue(TagValueExpression.java:114)
	at javax.faces.component.ComponentStateHelper.eval(ComponentStateHelper.java:194)
	at javax.faces.component.ComponentStateHelper.eval(ComponentStateHelper.java:182)
	at javax.faces.component.UIData.getValue(UIData.java:732)
	at org.primefaces.component.api.UIData.getDataModel(UIData.java:758)
	at javax.faces.component.UIData.getRowCount(UIData.java:356)
	at org.primefaces.component.api.UIData.calculateFirst(UIData.java:209)
	at org.primefaces.component.datatable.DataTableRenderer.preRender(DataTableRenderer.java:115)
	at org.primefaces.component.datatable.DataTableRenderer.encodeEnd(DataTableRenderer.java:83)
	at javax.faces.component.UIComponentBase.encodeEnd(UIComponentBase.java:924)
	at javax.faces.component.UIComponent.encodeAll(UIComponent.java:1863)
	at javax.faces.render.Renderer.encodeChildren(Renderer.java:176)
	at javax.faces.component.UIComponentBase.encodeChildren(UIComponentBase.java:894)
	at javax.faces.component.UIComponent.encodeAll(UIComponent.java:1856)
	at javax.faces.component.UIComponent.encodeAll(UIComponent.java:1859)
	at javax.faces.component.UIComponent.encodeAll(UIComponent.java:1859)
	at com.sun.faces.application.view.FaceletViewHandlingStrategy.renderView(FaceletViewHandlingStrategy.java:443)
	at com.sun.faces.application.view.MultiViewHandler.renderView(MultiViewHandler.java:131)
	at com.sun.faces.lifecycle.RenderResponsePhase.execute(RenderResponsePhase.java:120)
	at com.sun.faces.lifecycle.Phase.doPhase(Phase.java:101)
	at com.sun.faces.lifecycle.LifecycleImpl.render(LifecycleImpl.java:219)
	at javax.faces.webapp.FacesServlet.service(FacesServlet.java:647)
	at org.apache.catalina.core.StandardWrapper.service(StandardWrapper.java:1682)
	at org.apache.catalina.core.StandardWrapperValve.invoke(StandardWrapperValve.java:318)
	at org.apache.catalina.core.StandardContextValve.invoke(StandardContextValve.java:160)
	at org.apache.catalina.core.StandardPipeline.doInvoke(StandardPipeline.java:734)
	at org.apache.catalina.core.StandardPipeline.invoke(StandardPipeline.java:673)
	at com.sun.enterprise.web.WebPipeline.invoke(WebPipeline.java:99)
	at org.apache.catalina.core.StandardHostValve.invoke(StandardHostValve.java:174)
	at org.apache.catalina.connector.CoyoteAdapter.doService(CoyoteAdapter.java:357)
	at org.apache.catalina.connector.CoyoteAdapter.service(CoyoteAdapter.java:260)
	at com.sun.enterprise.v3.services.impl.ContainerMapper.service(ContainerMapper.java:188)
	at org.glassfish.grizzly.http.server.HttpHandler.runService(HttpHandler.java:191)
	at org.glassfish.grizzly.http.server.HttpHandler.doHandle(HttpHandler.java:168)
	at org.glassfish.grizzly.http.server.HttpServerFilter.handleRead(HttpServerFilter.java:189)
	at org.glassfish.grizzly.filterchain.ExecutorResolver$9.execute(ExecutorResolver.java:119)
	at org.glassfish.grizzly.filterchain.DefaultFilterChain.executeFilter(DefaultFilterChain.java:288)
	at org.glassfish.grizzly.filterchain.DefaultFilterChain.executeChainPart(DefaultFilterChain.java:206)
	at org.glassfish.grizzly.filterchain.DefaultFilterChain.execute(DefaultFilterChain.java:136)
	at org.glassfish.grizzly.filterchain.DefaultFilterChain.process(DefaultFilterChain.java:114)
	at org.glassfish.grizzly.ProcessorExecutor.execute(ProcessorExecutor.java:77)
	at org.glassfish.grizzly.nio.transport.TCPNIOTransport.fireIOEvent(TCPNIOTransport.java:838)
	at org.glassfish.grizzly.strategies.AbstractIOStrategy.fireIOEvent(AbstractIOStrategy.java:113)
	at org.glassfish.grizzly.strategies.WorkerThreadIOStrategy.run0(WorkerThreadIOStrategy.java:115)
	at org.glassfish.grizzly.strategies.WorkerThreadIOStrategy.access$100(WorkerThreadIOStrategy.java:55)
	at org.glassfish.grizzly.strategies.WorkerThreadIOStrategy$WorkerThreadRunnable.run(WorkerThreadIOStrategy.java:135)
	at org.glassfish.grizzly.threadpool.AbstractThreadPool$Worker.doWork(AbstractThreadPool.java:564)
	at org.glassfish.grizzly.threadpool.AbstractThreadPool$Worker.run(AbstractThreadPool.java:544)
	at java.lang.Thread.run(Thread.java:745)
Caused by: javax.el.ELException: java.lang.NoSuchMethodError: com.losalpes.servicios.IServicioCarrito.darCarritoCompras()Ljava/util/List;
	at javax.el.BeanELResolver.getValue(BeanELResolver.java:368)
	at com.sun.faces.el.DemuxCompositeELResolver._getValue(DemuxCompositeELResolver.java:176)
	at com.sun.faces.el.DemuxCompositeELResolver.getValue(DemuxCompositeELResolver.java:203)
	at com.sun.el.parser.AstValue.getValue(AstValue.java:140)
	at com.sun.el.parser.AstValue.getValue(AstValue.java:204)
	at com.sun.el.ValueExpressionImpl.getValue(ValueExpressionImpl.java:226)
	at com.sun.faces.facelets.el.TagValueExpression.getValue(TagValueExpression.java:109)
	... 48 more
Caused by: java.lang.NoSuchMethodError: com.losalpes.servicios.IServicioCarrito.darCarritoCompras()Ljava/util/List;
	at com.losalpes.beans.carritoBean.getCarritos(carritoBean.java:99)
	at sun.reflect.NativeMethodAccessorImpl.invoke0(Native Method)
	at sun.reflect.NativeMethodAccessorImpl.invoke(NativeMethodAccessorImpl.java:57)
	at sun.reflect.DelegatingMethodAccessorImpl.invoke(DelegatingMethodAccessorImpl.java:43)
	at java.lang.reflect.Method.invoke(Method.java:606)
	at javax.el.BeanELResolver.getValue(BeanELResolver.java:363)
	... 54 more
]]

[2016-09-06T20:00:20.108-0500] [glassfish 4.0] [FATAL] [jsf.context.exception.handler.log] [javax.enterprise.resource.webcontainer.jsf.context] [tid: _ThreadID=82 _ThreadName=http-listener-1(4)] [timeMillis: 1473210020108] [levelValue: 1100] [[
  JSF1073: se ha interceptado javax.el.ELException durante el procesamiento de RENDER_RESPONSE 6 : UIComponent-ClientId=, Mensaje=/carrito-compras.xhtml @71,26 value="#{carritoBean.carritos}": java.lang.NoSuchMethodError: com.losalpes.servicios.IServicioCarrito.darCarritoCompras()Ljava/util/List;]]

[2016-09-06T20:00:20.109-0500] [glassfish 4.0] [FATAL] [] [javax.enterprise.resource.webcontainer.jsf.context] [tid: _ThreadID=82 _ThreadName=http-listener-1(4)] [timeMillis: 1473210020109] [levelValue: 1100] [[
  /carrito-compras.xhtml @71,26 value="#{carritoBean.carritos}": java.lang.NoSuchMethodError: com.losalpes.servicios.IServicioCarrito.darCarritoCompras()Ljava/util/List;
javax.el.ELException: /carrito-compras.xhtml @71,26 value="#{carritoBean.carritos}": java.lang.NoSuchMethodError: com.losalpes.servicios.IServicioCarrito.darCarritoCompras()Ljava/util/List;
	at com.sun.faces.facelets.el.TagValueExpression.getValue(TagValueExpression.java:114)
	at javax.faces.component.ComponentStateHelper.eval(ComponentStateHelper.java:194)
	at javax.faces.component.ComponentStateHelper.eval(ComponentStateHelper.java:182)
	at javax.faces.component.UIData.getValue(UIData.java:732)
	at org.primefaces.component.api.UIData.getDataModel(UIData.java:758)
	at javax.faces.component.UIData.getRowCount(UIData.java:356)
	at org.primefaces.component.api.UIData.calculateFirst(UIData.java:209)
	at org.primefaces.component.datatable.DataTableRenderer.preRender(DataTableRenderer.java:115)
	at org.primefaces.component.datatable.DataTableRenderer.encodeEnd(DataTableRenderer.java:83)
	at javax.faces.component.UIComponentBase.encodeEnd(UIComponentBase.java:924)
	at javax.faces.component.UIComponent.encodeAll(UIComponent.java:1863)
	at javax.faces.render.Renderer.encodeChildren(Renderer.java:176)
	at javax.faces.component.UIComponentBase.encodeChildren(UIComponentBase.java:894)
	at javax.faces.component.UIComponent.encodeAll(UIComponent.java:1856)
	at javax.faces.component.UIComponent.encodeAll(UIComponent.java:1859)
	at javax.faces.component.UIComponent.encodeAll(UIComponent.java:1859)
	at com.sun.faces.application.view.FaceletViewHandlingStrategy.renderView(FaceletViewHandlingStrategy.java:443)
	at com.sun.faces.application.view.MultiViewHandler.renderView(MultiViewHandler.java:131)
	at com.sun.faces.lifecycle.RenderResponsePhase.execute(RenderResponsePhase.java:120)
	at com.sun.faces.lifecycle.Phase.doPhase(Phase.java:101)
	at com.sun.faces.lifecycle.LifecycleImpl.render(LifecycleImpl.java:219)
	at javax.faces.webapp.FacesServlet.service(FacesServlet.java:647)
	at org.apache.catalina.core.StandardWrapper.service(StandardWrapper.java:1682)
	at org.apache.catalina.core.StandardWrapperValve.invoke(StandardWrapperValve.java:318)
	at org.apache.catalina.core.StandardContextValve.invoke(StandardContextValve.java:160)
	at org.apache.catalina.core.StandardPipeline.doInvoke(StandardPipeline.java:734)
	at org.apache.catalina.core.StandardPipeline.invoke(StandardPipeline.java:673)
	at com.sun.enterprise.web.WebPipeline.invoke(WebPipeline.java:99)
	at org.apache.catalina.core.StandardHostValve.invoke(StandardHostValve.java:174)
	at org.apache.catalina.connector.CoyoteAdapter.doService(CoyoteAdapter.java:357)
	at org.apache.catalina.connector.CoyoteAdapter.service(CoyoteAdapter.java:260)
	at com.sun.enterprise.v3.services.impl.ContainerMapper.service(ContainerMapper.java:188)
	at org.glassfish.grizzly.http.server.HttpHandler.runService(HttpHandler.java:191)
	at org.glassfish.grizzly.http.server.HttpHandler.doHandle(HttpHandler.java:168)
	at org.glassfish.grizzly.http.server.HttpServerFilter.handleRead(HttpServerFilter.java:189)
	at org.glassfish.grizzly.filterchain.ExecutorResolver$9.execute(ExecutorResolver.java:119)
	at org.glassfish.grizzly.filterchain.DefaultFilterChain.executeFilter(DefaultFilterChain.java:288)
	at org.glassfish.grizzly.filterchain.DefaultFilterChain.executeChainPart(DefaultFilterChain.java:206)
	at org.glassfish.grizzly.filterchain.DefaultFilterChain.execute(DefaultFilterChain.java:136)
	at org.glassfish.grizzly.filterchain.DefaultFilterChain.process(DefaultFilterChain.java:114)
	at org.glassfish.grizzly.ProcessorExecutor.execute(ProcessorExecutor.java:77)
	at org.glassfish.grizzly.nio.transport.TCPNIOTransport.fireIOEvent(TCPNIOTransport.java:838)
	at org.glassfish.grizzly.strategies.AbstractIOStrategy.fireIOEvent(AbstractIOStrategy.java:113)
	at org.glassfish.grizzly.strategies.WorkerThreadIOStrategy.run0(WorkerThreadIOStrategy.java:115)
	at org.glassfish.grizzly.strategies.WorkerThreadIOStrategy.access$100(WorkerThreadIOStrategy.java:55)
	at org.glassfish.grizzly.strategies.WorkerThreadIOStrategy$WorkerThreadRunnable.run(WorkerThreadIOStrategy.java:135)
	at org.glassfish.grizzly.threadpool.AbstractThreadPool$Worker.doWork(AbstractThreadPool.java:564)
	at org.glassfish.grizzly.threadpool.AbstractThreadPool$Worker.run(AbstractThreadPool.java:544)
	at java.lang.Thread.run(Thread.java:745)
Caused by: javax.el.ELException: java.lang.NoSuchMethodError: com.losalpes.servicios.IServicioCarrito.darCarritoCompras()Ljava/util/List;
	at javax.el.BeanELResolver.getValue(BeanELResolver.java:368)
	at com.sun.faces.el.DemuxCompositeELResolver._getValue(DemuxCompositeELResolver.java:176)
	at com.sun.faces.el.DemuxCompositeELResolver.getValue(DemuxCompositeELResolver.java:203)
	at com.sun.el.parser.AstValue.getValue(AstValue.java:140)
	at com.sun.el.parser.AstValue.getValue(AstValue.java:204)
	at com.sun.el.ValueExpressionImpl.getValue(ValueExpressionImpl.java:226)
	at com.sun.faces.facelets.el.TagValueExpression.getValue(TagValueExpression.java:109)
	... 48 more
Caused by: java.lang.NoSuchMethodError: com.losalpes.servicios.IServicioCarrito.darCarritoCompras()Ljava/util/List;
	at com.losalpes.beans.carritoBean.getCarritos(carritoBean.java:99)
	at sun.reflect.NativeMethodAccessorImpl.invoke0(Native Method)
	at sun.reflect.NativeMethodAccessorImpl.invoke(NativeMethodAccessorImpl.java:57)
	at sun.reflect.DelegatingMethodAccessorImpl.invoke(DelegatingMethodAccessorImpl.java:43)
	at java.lang.reflect.Method.invoke(Method.java:606)
	at javax.el.BeanELResolver.getValue(BeanELResolver.java:363)
	... 54 more
]]

[2016-09-06T20:00:55.109-0500] [glassfish 4.0] [SEVERE] [] [javax.enterprise.resource.webcontainer.jsf.application] [tid: _ThreadID=81 _ThreadName=http-listener-1(3)] [timeMillis: 1473210055109] [levelValue: 1000] [[
  Error Rendering View[/carrito-compras.xhtml]
javax.el.ELException: /carrito-compras.xhtml @71,26 value="#{carritoBean.carritos}": java.lang.NoSuchMethodError: com.losalpes.servicios.IServicioCarrito.darCarritoCompras()Ljava/util/List;
	at com.sun.faces.facelets.el.TagValueExpression.getValue(TagValueExpression.java:114)
	at javax.faces.component.ComponentStateHelper.eval(ComponentStateHelper.java:194)
	at javax.faces.component.ComponentStateHelper.eval(ComponentStateHelper.java:182)
	at javax.faces.component.UIData.getValue(UIData.java:732)
	at org.primefaces.component.api.UIData.getDataModel(UIData.java:758)
	at javax.faces.component.UIData.getRowCount(UIData.java:356)
	at org.primefaces.component.api.UIData.calculateFirst(UIData.java:209)
	at org.primefaces.component.datatable.DataTableRenderer.preRender(DataTableRenderer.java:115)
	at org.primefaces.component.datatable.DataTableRenderer.encodeEnd(DataTableRenderer.java:83)
	at javax.faces.component.UIComponentBase.encodeEnd(UIComponentBase.java:924)
	at javax.faces.component.UIComponent.encodeAll(UIComponent.java:1863)
	at javax.faces.render.Renderer.encodeChildren(Renderer.java:176)
	at javax.faces.component.UIComponentBase.encodeChildren(UIComponentBase.java:894)
	at javax.faces.component.UIComponent.encodeAll(UIComponent.java:1856)
	at javax.faces.component.UIComponent.encodeAll(UIComponent.java:1859)
	at javax.faces.component.UIComponent.encodeAll(UIComponent.java:1859)
	at com.sun.faces.application.view.FaceletViewHandlingStrategy.renderView(FaceletViewHandlingStrategy.java:443)
	at com.sun.faces.application.view.MultiViewHandler.renderView(MultiViewHandler.java:131)
	at com.sun.faces.lifecycle.RenderResponsePhase.execute(RenderResponsePhase.java:120)
	at com.sun.faces.lifecycle.Phase.doPhase(Phase.java:101)
	at com.sun.faces.lifecycle.LifecycleImpl.render(LifecycleImpl.java:219)
	at javax.faces.webapp.FacesServlet.service(FacesServlet.java:647)
	at org.apache.catalina.core.StandardWrapper.service(StandardWrapper.java:1682)
	at org.apache.catalina.core.StandardWrapperValve.invoke(StandardWrapperValve.java:318)
	at org.apache.catalina.core.StandardContextValve.invoke(StandardContextValve.java:160)
	at org.apache.catalina.core.StandardPipeline.doInvoke(StandardPipeline.java:734)
	at org.apache.catalina.core.StandardPipeline.invoke(StandardPipeline.java:673)
	at com.sun.enterprise.web.WebPipeline.invoke(WebPipeline.java:99)
	at org.apache.catalina.core.StandardHostValve.invoke(StandardHostValve.java:174)
	at org.apache.catalina.connector.CoyoteAdapter.doService(CoyoteAdapter.java:357)
	at org.apache.catalina.connector.CoyoteAdapter.service(CoyoteAdapter.java:260)
	at com.sun.enterprise.v3.services.impl.ContainerMapper.service(ContainerMapper.java:188)
	at org.glassfish.grizzly.http.server.HttpHandler.runService(HttpHandler.java:191)
	at org.glassfish.grizzly.http.server.HttpHandler.doHandle(HttpHandler.java:168)
	at org.glassfish.grizzly.http.server.HttpServerFilter.handleRead(HttpServerFilter.java:189)
	at org.glassfish.grizzly.filterchain.ExecutorResolver$9.execute(ExecutorResolver.java:119)
	at org.glassfish.grizzly.filterchain.DefaultFilterChain.executeFilter(DefaultFilterChain.java:288)
	at org.glassfish.grizzly.filterchain.DefaultFilterChain.executeChainPart(DefaultFilterChain.java:206)
	at org.glassfish.grizzly.filterchain.DefaultFilterChain.execute(DefaultFilterChain.java:136)
	at org.glassfish.grizzly.filterchain.DefaultFilterChain.process(DefaultFilterChain.java:114)
	at org.glassfish.grizzly.ProcessorExecutor.execute(ProcessorExecutor.java:77)
	at org.glassfish.grizzly.nio.transport.TCPNIOTransport.fireIOEvent(TCPNIOTransport.java:838)
	at org.glassfish.grizzly.strategies.AbstractIOStrategy.fireIOEvent(AbstractIOStrategy.java:113)
	at org.glassfish.grizzly.strategies.WorkerThreadIOStrategy.run0(WorkerThreadIOStrategy.java:115)
	at org.glassfish.grizzly.strategies.WorkerThreadIOStrategy.access$100(WorkerThreadIOStrategy.java:55)
	at org.glassfish.grizzly.strategies.WorkerThreadIOStrategy$WorkerThreadRunnable.run(WorkerThreadIOStrategy.java:135)
	at org.glassfish.grizzly.threadpool.AbstractThreadPool$Worker.doWork(AbstractThreadPool.java:564)
	at org.glassfish.grizzly.threadpool.AbstractThreadPool$Worker.run(AbstractThreadPool.java:544)
	at java.lang.Thread.run(Thread.java:745)
Caused by: javax.el.ELException: java.lang.NoSuchMethodError: com.losalpes.servicios.IServicioCarrito.darCarritoCompras()Ljava/util/List;
	at javax.el.BeanELResolver.getValue(BeanELResolver.java:368)
	at com.sun.faces.el.DemuxCompositeELResolver._getValue(DemuxCompositeELResolver.java:176)
	at com.sun.faces.el.DemuxCompositeELResolver.getValue(DemuxCompositeELResolver.java:203)
	at com.sun.el.parser.AstValue.getValue(AstValue.java:140)
	at com.sun.el.parser.AstValue.getValue(AstValue.java:204)
	at com.sun.el.ValueExpressionImpl.getValue(ValueExpressionImpl.java:226)
	at com.sun.faces.facelets.el.TagValueExpression.getValue(TagValueExpression.java:109)
	... 48 more
Caused by: java.lang.NoSuchMethodError: com.losalpes.servicios.IServicioCarrito.darCarritoCompras()Ljava/util/List;
	at com.losalpes.beans.carritoBean.getCarritos(carritoBean.java:99)
	at sun.reflect.NativeMethodAccessorImpl.invoke0(Native Method)
	at sun.reflect.NativeMethodAccessorImpl.invoke(NativeMethodAccessorImpl.java:57)
	at sun.reflect.DelegatingMethodAccessorImpl.invoke(DelegatingMethodAccessorImpl.java:43)
	at java.lang.reflect.Method.invoke(Method.java:606)
	at javax.el.BeanELResolver.getValue(BeanELResolver.java:363)
	... 54 more
]]

[2016-09-06T20:00:55.114-0500] [glassfish 4.0] [FATAL] [jsf.context.exception.handler.log] [javax.enterprise.resource.webcontainer.jsf.context] [tid: _ThreadID=81 _ThreadName=http-listener-1(3)] [timeMillis: 1473210055114] [levelValue: 1100] [[
  JSF1073: se ha interceptado javax.el.ELException durante el procesamiento de RENDER_RESPONSE 6 : UIComponent-ClientId=, Mensaje=/carrito-compras.xhtml @71,26 value="#{carritoBean.carritos}": java.lang.NoSuchMethodError: com.losalpes.servicios.IServicioCarrito.darCarritoCompras()Ljava/util/List;]]

[2016-09-06T20:00:55.115-0500] [glassfish 4.0] [FATAL] [] [javax.enterprise.resource.webcontainer.jsf.context] [tid: _ThreadID=81 _ThreadName=http-listener-1(3)] [timeMillis: 1473210055115] [levelValue: 1100] [[
  /carrito-compras.xhtml @71,26 value="#{carritoBean.carritos}": java.lang.NoSuchMethodError: com.losalpes.servicios.IServicioCarrito.darCarritoCompras()Ljava/util/List;
javax.el.ELException: /carrito-compras.xhtml @71,26 value="#{carritoBean.carritos}": java.lang.NoSuchMethodError: com.losalpes.servicios.IServicioCarrito.darCarritoCompras()Ljava/util/List;
	at com.sun.faces.facelets.el.TagValueExpression.getValue(TagValueExpression.java:114)
	at javax.faces.component.ComponentStateHelper.eval(ComponentStateHelper.java:194)
	at javax.faces.component.ComponentStateHelper.eval(ComponentStateHelper.java:182)
	at javax.faces.component.UIData.getValue(UIData.java:732)
	at org.primefaces.component.api.UIData.getDataModel(UIData.java:758)
	at javax.faces.component.UIData.getRowCount(UIData.java:356)
	at org.primefaces.component.api.UIData.calculateFirst(UIData.java:209)
	at org.primefaces.component.datatable.DataTableRenderer.preRender(DataTableRenderer.java:115)
	at org.primefaces.component.datatable.DataTableRenderer.encodeEnd(DataTableRenderer.java:83)
	at javax.faces.component.UIComponentBase.encodeEnd(UIComponentBase.java:924)
	at javax.faces.component.UIComponent.encodeAll(UIComponent.java:1863)
	at javax.faces.render.Renderer.encodeChildren(Renderer.java:176)
	at javax.faces.component.UIComponentBase.encodeChildren(UIComponentBase.java:894)
	at javax.faces.component.UIComponent.encodeAll(UIComponent.java:1856)
	at javax.faces.component.UIComponent.encodeAll(UIComponent.java:1859)
	at javax.faces.component.UIComponent.encodeAll(UIComponent.java:1859)
	at com.sun.faces.application.view.FaceletViewHandlingStrategy.renderView(FaceletViewHandlingStrategy.java:443)
	at com.sun.faces.application.view.MultiViewHandler.renderView(MultiViewHandler.java:131)
	at com.sun.faces.lifecycle.RenderResponsePhase.execute(RenderResponsePhase.java:120)
	at com.sun.faces.lifecycle.Phase.doPhase(Phase.java:101)
	at com.sun.faces.lifecycle.LifecycleImpl.render(LifecycleImpl.java:219)
	at javax.faces.webapp.FacesServlet.service(FacesServlet.java:647)
	at org.apache.catalina.core.StandardWrapper.service(StandardWrapper.java:1682)
	at org.apache.catalina.core.StandardWrapperValve.invoke(StandardWrapperValve.java:318)
	at org.apache.catalina.core.StandardContextValve.invoke(StandardContextValve.java:160)
	at org.apache.catalina.core.StandardPipeline.doInvoke(StandardPipeline.java:734)
	at org.apache.catalina.core.StandardPipeline.invoke(StandardPipeline.java:673)
	at com.sun.enterprise.web.WebPipeline.invoke(WebPipeline.java:99)
	at org.apache.catalina.core.StandardHostValve.invoke(StandardHostValve.java:174)
	at org.apache.catalina.connector.CoyoteAdapter.doService(CoyoteAdapter.java:357)
	at org.apache.catalina.connector.CoyoteAdapter.service(CoyoteAdapter.java:260)
	at com.sun.enterprise.v3.services.impl.ContainerMapper.service(ContainerMapper.java:188)
	at org.glassfish.grizzly.http.server.HttpHandler.runService(HttpHandler.java:191)
	at org.glassfish.grizzly.http.server.HttpHandler.doHandle(HttpHandler.java:168)
	at org.glassfish.grizzly.http.server.HttpServerFilter.handleRead(HttpServerFilter.java:189)
	at org.glassfish.grizzly.filterchain.ExecutorResolver$9.execute(ExecutorResolver.java:119)
	at org.glassfish.grizzly.filterchain.DefaultFilterChain.executeFilter(DefaultFilterChain.java:288)
	at org.glassfish.grizzly.filterchain.DefaultFilterChain.executeChainPart(DefaultFilterChain.java:206)
	at org.glassfish.grizzly.filterchain.DefaultFilterChain.execute(DefaultFilterChain.java:136)
	at org.glassfish.grizzly.filterchain.DefaultFilterChain.process(DefaultFilterChain.java:114)
	at org.glassfish.grizzly.ProcessorExecutor.execute(ProcessorExecutor.java:77)
	at org.glassfish.grizzly.nio.transport.TCPNIOTransport.fireIOEvent(TCPNIOTransport.java:838)
	at org.glassfish.grizzly.strategies.AbstractIOStrategy.fireIOEvent(AbstractIOStrategy.java:113)
	at org.glassfish.grizzly.strategies.WorkerThreadIOStrategy.run0(WorkerThreadIOStrategy.java:115)
	at org.glassfish.grizzly.strategies.WorkerThreadIOStrategy.access$100(WorkerThreadIOStrategy.java:55)
	at org.glassfish.grizzly.strategies.WorkerThreadIOStrategy$WorkerThreadRunnable.run(WorkerThreadIOStrategy.java:135)
	at org.glassfish.grizzly.threadpool.AbstractThreadPool$Worker.doWork(AbstractThreadPool.java:564)
	at org.glassfish.grizzly.threadpool.AbstractThreadPool$Worker.run(AbstractThreadPool.java:544)
	at java.lang.Thread.run(Thread.java:745)
Caused by: javax.el.ELException: java.lang.NoSuchMethodError: com.losalpes.servicios.IServicioCarrito.darCarritoCompras()Ljava/util/List;
	at javax.el.BeanELResolver.getValue(BeanELResolver.java:368)
	at com.sun.faces.el.DemuxCompositeELResolver._getValue(DemuxCompositeELResolver.java:176)
	at com.sun.faces.el.DemuxCompositeELResolver.getValue(DemuxCompositeELResolver.java:203)
	at com.sun.el.parser.AstValue.getValue(AstValue.java:140)
	at com.sun.el.parser.AstValue.getValue(AstValue.java:204)
	at com.sun.el.ValueExpressionImpl.getValue(ValueExpressionImpl.java:226)
	at com.sun.faces.facelets.el.TagValueExpression.getValue(TagValueExpression.java:109)
	... 48 more
Caused by: java.lang.NoSuchMethodError: com.losalpes.servicios.IServicioCarrito.darCarritoCompras()Ljava/util/List;
	at com.losalpes.beans.carritoBean.getCarritos(carritoBean.java:99)
	at sun.reflect.NativeMethodAccessorImpl.invoke0(Native Method)
	at sun.reflect.NativeMethodAccessorImpl.invoke(NativeMethodAccessorImpl.java:57)
	at sun.reflect.DelegatingMethodAccessorImpl.invoke(DelegatingMethodAccessorImpl.java:43)
	at java.lang.reflect.Method.invoke(Method.java:606)
	at javax.el.BeanELResolver.getValue(BeanELResolver.java:363)
	... 54 more
]]

[2016-09-06T20:03:00.974-0500] [glassfish 4.0] [SEVERE] [] [javax.enterprise.resource.webcontainer.jsf.application] [tid: _ThreadID=83 _ThreadName=http-listener-1(5)] [timeMillis: 1473210180974] [levelValue: 1000] [[
  Error Rendering View[/carrito-compras.xhtml]
javax.el.ELException: /carrito-compras.xhtml @71,26 value="#{carritoBean.carritos}": java.lang.NoSuchMethodError: com.losalpes.servicios.IServicioCarrito.darCarritoCompras()Ljava/util/List;
	at com.sun.faces.facelets.el.TagValueExpression.getValue(TagValueExpression.java:114)
	at javax.faces.component.ComponentStateHelper.eval(ComponentStateHelper.java:194)
	at javax.faces.component.ComponentStateHelper.eval(ComponentStateHelper.java:182)
	at javax.faces.component.UIData.getValue(UIData.java:732)
	at org.primefaces.component.api.UIData.getDataModel(UIData.java:758)
	at javax.faces.component.UIData.getRowCount(UIData.java:356)
	at org.primefaces.component.api.UIData.calculateFirst(UIData.java:209)
	at org.primefaces.component.datatable.DataTableRenderer.preRender(DataTableRenderer.java:115)
	at org.primefaces.component.datatable.DataTableRenderer.encodeEnd(DataTableRenderer.java:83)
	at javax.faces.component.UIComponentBase.encodeEnd(UIComponentBase.java:924)
	at javax.faces.component.UIComponent.encodeAll(UIComponent.java:1863)
	at javax.faces.render.Renderer.encodeChildren(Renderer.java:176)
	at javax.faces.component.UIComponentBase.encodeChildren(UIComponentBase.java:894)
	at javax.faces.component.UIComponent.encodeAll(UIComponent.java:1856)
	at javax.faces.component.UIComponent.encodeAll(UIComponent.java:1859)
	at javax.faces.component.UIComponent.encodeAll(UIComponent.java:1859)
	at com.sun.faces.application.view.FaceletViewHandlingStrategy.renderView(FaceletViewHandlingStrategy.java:443)
	at com.sun.faces.application.view.MultiViewHandler.renderView(MultiViewHandler.java:131)
	at com.sun.faces.lifecycle.RenderResponsePhase.execute(RenderResponsePhase.java:120)
	at com.sun.faces.lifecycle.Phase.doPhase(Phase.java:101)
	at com.sun.faces.lifecycle.LifecycleImpl.render(LifecycleImpl.java:219)
	at javax.faces.webapp.FacesServlet.service(FacesServlet.java:647)
	at org.apache.catalina.core.StandardWrapper.service(StandardWrapper.java:1682)
	at org.apache.catalina.core.StandardWrapperValve.invoke(StandardWrapperValve.java:318)
	at org.apache.catalina.core.StandardContextValve.invoke(StandardContextValve.java:160)
	at org.apache.catalina.core.StandardPipeline.doInvoke(StandardPipeline.java:734)
	at org.apache.catalina.core.StandardPipeline.invoke(StandardPipeline.java:673)
	at com.sun.enterprise.web.WebPipeline.invoke(WebPipeline.java:99)
	at org.apache.catalina.core.StandardHostValve.invoke(StandardHostValve.java:174)
	at org.apache.catalina.connector.CoyoteAdapter.doService(CoyoteAdapter.java:357)
	at org.apache.catalina.connector.CoyoteAdapter.service(CoyoteAdapter.java:260)
	at com.sun.enterprise.v3.services.impl.ContainerMapper.service(ContainerMapper.java:188)
	at org.glassfish.grizzly.http.server.HttpHandler.runService(HttpHandler.java:191)
	at org.glassfish.grizzly.http.server.HttpHandler.doHandle(HttpHandler.java:168)
	at org.glassfish.grizzly.http.server.HttpServerFilter.handleRead(HttpServerFilter.java:189)
	at org.glassfish.grizzly.filterchain.ExecutorResolver$9.execute(ExecutorResolver.java:119)
	at org.glassfish.grizzly.filterchain.DefaultFilterChain.executeFilter(DefaultFilterChain.java:288)
	at org.glassfish.grizzly.filterchain.DefaultFilterChain.executeChainPart(DefaultFilterChain.java:206)
	at org.glassfish.grizzly.filterchain.DefaultFilterChain.execute(DefaultFilterChain.java:136)
	at org.glassfish.grizzly.filterchain.DefaultFilterChain.process(DefaultFilterChain.java:114)
	at org.glassfish.grizzly.ProcessorExecutor.execute(ProcessorExecutor.java:77)
	at org.glassfish.grizzly.nio.transport.TCPNIOTransport.fireIOEvent(TCPNIOTransport.java:838)
	at org.glassfish.grizzly.strategies.AbstractIOStrategy.fireIOEvent(AbstractIOStrategy.java:113)
	at org.glassfish.grizzly.strategies.WorkerThreadIOStrategy.run0(WorkerThreadIOStrategy.java:115)
	at org.glassfish.grizzly.strategies.WorkerThreadIOStrategy.access$100(WorkerThreadIOStrategy.java:55)
	at org.glassfish.grizzly.strategies.WorkerThreadIOStrategy$WorkerThreadRunnable.run(WorkerThreadIOStrategy.java:135)
	at org.glassfish.grizzly.threadpool.AbstractThreadPool$Worker.doWork(AbstractThreadPool.java:564)
	at org.glassfish.grizzly.threadpool.AbstractThreadPool$Worker.run(AbstractThreadPool.java:544)
	at java.lang.Thread.run(Thread.java:745)
Caused by: javax.el.ELException: java.lang.NoSuchMethodError: com.losalpes.servicios.IServicioCarrito.darCarritoCompras()Ljava/util/List;
	at javax.el.BeanELResolver.getValue(BeanELResolver.java:368)
	at com.sun.faces.el.DemuxCompositeELResolver._getValue(DemuxCompositeELResolver.java:176)
	at com.sun.faces.el.DemuxCompositeELResolver.getValue(DemuxCompositeELResolver.java:203)
	at com.sun.el.parser.AstValue.getValue(AstValue.java:140)
	at com.sun.el.parser.AstValue.getValue(AstValue.java:204)
	at com.sun.el.ValueExpressionImpl.getValue(ValueExpressionImpl.java:226)
	at com.sun.faces.facelets.el.TagValueExpression.getValue(TagValueExpression.java:109)
	... 48 more
Caused by: java.lang.NoSuchMethodError: com.losalpes.servicios.IServicioCarrito.darCarritoCompras()Ljava/util/List;
	at com.losalpes.beans.carritoBean.getCarritos(carritoBean.java:99)
	at sun.reflect.NativeMethodAccessorImpl.invoke0(Native Method)
	at sun.reflect.NativeMethodAccessorImpl.invoke(NativeMethodAccessorImpl.java:57)
	at sun.reflect.DelegatingMethodAccessorImpl.invoke(DelegatingMethodAccessorImpl.java:43)
	at java.lang.reflect.Method.invoke(Method.java:606)
	at javax.el.BeanELResolver.getValue(BeanELResolver.java:363)
	... 54 more
]]

[2016-09-06T20:03:00.979-0500] [glassfish 4.0] [FATAL] [jsf.context.exception.handler.log] [javax.enterprise.resource.webcontainer.jsf.context] [tid: _ThreadID=83 _ThreadName=http-listener-1(5)] [timeMillis: 1473210180979] [levelValue: 1100] [[
  JSF1073: se ha interceptado javax.el.ELException durante el procesamiento de RENDER_RESPONSE 6 : UIComponent-ClientId=, Mensaje=/carrito-compras.xhtml @71,26 value="#{carritoBean.carritos}": java.lang.NoSuchMethodError: com.losalpes.servicios.IServicioCarrito.darCarritoCompras()Ljava/util/List;]]

[2016-09-06T20:03:00.980-0500] [glassfish 4.0] [FATAL] [] [javax.enterprise.resource.webcontainer.jsf.context] [tid: _ThreadID=83 _ThreadName=http-listener-1(5)] [timeMillis: 1473210180980] [levelValue: 1100] [[
  /carrito-compras.xhtml @71,26 value="#{carritoBean.carritos}": java.lang.NoSuchMethodError: com.losalpes.servicios.IServicioCarrito.darCarritoCompras()Ljava/util/List;
javax.el.ELException: /carrito-compras.xhtml @71,26 value="#{carritoBean.carritos}": java.lang.NoSuchMethodError: com.losalpes.servicios.IServicioCarrito.darCarritoCompras()Ljava/util/List;
	at com.sun.faces.facelets.el.TagValueExpression.getValue(TagValueExpression.java:114)
	at javax.faces.component.ComponentStateHelper.eval(ComponentStateHelper.java:194)
	at javax.faces.component.ComponentStateHelper.eval(ComponentStateHelper.java:182)
	at javax.faces.component.UIData.getValue(UIData.java:732)
	at org.primefaces.component.api.UIData.getDataModel(UIData.java:758)
	at javax.faces.component.UIData.getRowCount(UIData.java:356)
	at org.primefaces.component.api.UIData.calculateFirst(UIData.java:209)
	at org.primefaces.component.datatable.DataTableRenderer.preRender(DataTableRenderer.java:115)
	at org.primefaces.component.datatable.DataTableRenderer.encodeEnd(DataTableRenderer.java:83)
	at javax.faces.component.UIComponentBase.encodeEnd(UIComponentBase.java:924)
	at javax.faces.component.UIComponent.encodeAll(UIComponent.java:1863)
	at javax.faces.render.Renderer.encodeChildren(Renderer.java:176)
	at javax.faces.component.UIComponentBase.encodeChildren(UIComponentBase.java:894)
	at javax.faces.component.UIComponent.encodeAll(UIComponent.java:1856)
	at javax.faces.component.UIComponent.encodeAll(UIComponent.java:1859)
	at javax.faces.component.UIComponent.encodeAll(UIComponent.java:1859)
	at com.sun.faces.application.view.FaceletViewHandlingStrategy.renderView(FaceletViewHandlingStrategy.java:443)
	at com.sun.faces.application.view.MultiViewHandler.renderView(MultiViewHandler.java:131)
	at com.sun.faces.lifecycle.RenderResponsePhase.execute(RenderResponsePhase.java:120)
	at com.sun.faces.lifecycle.Phase.doPhase(Phase.java:101)
	at com.sun.faces.lifecycle.LifecycleImpl.render(LifecycleImpl.java:219)
	at javax.faces.webapp.FacesServlet.service(FacesServlet.java:647)
	at org.apache.catalina.core.StandardWrapper.service(StandardWrapper.java:1682)
	at org.apache.catalina.core.StandardWrapperValve.invoke(StandardWrapperValve.java:318)
	at org.apache.catalina.core.StandardContextValve.invoke(StandardContextValve.java:160)
	at org.apache.catalina.core.StandardPipeline.doInvoke(StandardPipeline.java:734)
	at org.apache.catalina.core.StandardPipeline.invoke(StandardPipeline.java:673)
	at com.sun.enterprise.web.WebPipeline.invoke(WebPipeline.java:99)
	at org.apache.catalina.core.StandardHostValve.invoke(StandardHostValve.java:174)
	at org.apache.catalina.connector.CoyoteAdapter.doService(CoyoteAdapter.java:357)
	at org.apache.catalina.connector.CoyoteAdapter.service(CoyoteAdapter.java:260)
	at com.sun.enterprise.v3.services.impl.ContainerMapper.service(ContainerMapper.java:188)
	at org.glassfish.grizzly.http.server.HttpHandler.runService(HttpHandler.java:191)
	at org.glassfish.grizzly.http.server.HttpHandler.doHandle(HttpHandler.java:168)
	at org.glassfish.grizzly.http.server.HttpServerFilter.handleRead(HttpServerFilter.java:189)
	at org.glassfish.grizzly.filterchain.ExecutorResolver$9.execute(ExecutorResolver.java:119)
	at org.glassfish.grizzly.filterchain.DefaultFilterChain.executeFilter(DefaultFilterChain.java:288)
	at org.glassfish.grizzly.filterchain.DefaultFilterChain.executeChainPart(DefaultFilterChain.java:206)
	at org.glassfish.grizzly.filterchain.DefaultFilterChain.execute(DefaultFilterChain.java:136)
	at org.glassfish.grizzly.filterchain.DefaultFilterChain.process(DefaultFilterChain.java:114)
	at org.glassfish.grizzly.ProcessorExecutor.execute(ProcessorExecutor.java:77)
	at org.glassfish.grizzly.nio.transport.TCPNIOTransport.fireIOEvent(TCPNIOTransport.java:838)
	at org.glassfish.grizzly.strategies.AbstractIOStrategy.fireIOEvent(AbstractIOStrategy.java:113)
	at org.glassfish.grizzly.strategies.WorkerThreadIOStrategy.run0(WorkerThreadIOStrategy.java:115)
	at org.glassfish.grizzly.strategies.WorkerThreadIOStrategy.access$100(WorkerThreadIOStrategy.java:55)
	at org.glassfish.grizzly.strategies.WorkerThreadIOStrategy$WorkerThreadRunnable.run(WorkerThreadIOStrategy.java:135)
	at org.glassfish.grizzly.threadpool.AbstractThreadPool$Worker.doWork(AbstractThreadPool.java:564)
	at org.glassfish.grizzly.threadpool.AbstractThreadPool$Worker.run(AbstractThreadPool.java:544)
	at java.lang.Thread.run(Thread.java:745)
Caused by: javax.el.ELException: java.lang.NoSuchMethodError: com.losalpes.servicios.IServicioCarrito.darCarritoCompras()Ljava/util/List;
	at javax.el.BeanELResolver.getValue(BeanELResolver.java:368)
	at com.sun.faces.el.DemuxCompositeELResolver._getValue(DemuxCompositeELResolver.java:176)
	at com.sun.faces.el.DemuxCompositeELResolver.getValue(DemuxCompositeELResolver.java:203)
	at com.sun.el.parser.AstValue.getValue(AstValue.java:140)
	at com.sun.el.parser.AstValue.getValue(AstValue.java:204)
	at com.sun.el.ValueExpressionImpl.getValue(ValueExpressionImpl.java:226)
	at com.sun.faces.facelets.el.TagValueExpression.getValue(TagValueExpression.java:109)
	... 48 more
Caused by: java.lang.NoSuchMethodError: com.losalpes.servicios.IServicioCarrito.darCarritoCompras()Ljava/util/List;
	at com.losalpes.beans.carritoBean.getCarritos(carritoBean.java:99)
	at sun.reflect.NativeMethodAccessorImpl.invoke0(Native Method)
	at sun.reflect.NativeMethodAccessorImpl.invoke(NativeMethodAccessorImpl.java:57)
	at sun.reflect.DelegatingMethodAccessorImpl.invoke(DelegatingMethodAccessorImpl.java:43)
	at java.lang.reflect.Method.invoke(Method.java:606)
	at javax.el.BeanELResolver.getValue(BeanELResolver.java:363)
	... 54 more
]]

[2016-09-06T20:04:33.821-0500] [glassfish 4.0] [INFO] [] [javax.enterprise.system.tools.deployment.common] [tid: _ThreadID=363 _ThreadName=admin-listener(8)] [timeMillis: 1473210273821] [levelValue: 800] [[
  visiting unvisited references]]

[2016-09-06T20:04:33.859-0500] [glassfish 4.0] [INFO] [] [javax.enterprise.system.tools.deployment.common] [tid: _ThreadID=363 _ThreadName=admin-listener(8)] [timeMillis: 1473210273859] [levelValue: 800] [[
  visiting unvisited references]]

[2016-09-06T20:04:33.860-0500] [glassfish 4.0] [INFO] [] [javax.enterprise.system.tools.deployment.common] [tid: _ThreadID=363 _ThreadName=admin-listener(8)] [timeMillis: 1473210273860] [levelValue: 800] [[
  visiting unvisited references]]

[2016-09-06T20:04:33.861-0500] [glassfish 4.0] [INFO] [] [javax.enterprise.system.tools.deployment.common] [tid: _ThreadID=363 _ThreadName=admin-listener(8)] [timeMillis: 1473210273861] [levelValue: 800] [[
  visiting unvisited references]]

[2016-09-06T20:04:33.861-0500] [glassfish 4.0] [INFO] [] [javax.enterprise.system.tools.deployment.common] [tid: _ThreadID=363 _ThreadName=admin-listener(8)] [timeMillis: 1473210273861] [levelValue: 800] [[
  visiting unvisited references]]

[2016-09-06T20:04:33.861-0500] [glassfish 4.0] [INFO] [] [javax.enterprise.system.tools.deployment.common] [tid: _ThreadID=363 _ThreadName=admin-listener(8)] [timeMillis: 1473210273861] [levelValue: 800] [[
  visiting unvisited references]]

[2016-09-06T20:04:34.189-0500] [glassfish 4.0] [INFO] [jsf.config.listener.version] [javax.enterprise.resource.webcontainer.jsf.config] [tid: _ThreadID=363 _ThreadName=admin-listener(8)] [timeMillis: 1473210274189] [levelValue: 800] [[
  Inicializando Mojarra 2.2.0 ( 20130502-2118 https://svn.java.net/svn/mojarra~svn/tags/2.2.0@11930) para el contexto '/Lab2-MueblesDeLosAlpes-war']]

[2016-09-06T20:04:34.461-0500] [glassfish 4.0] [INFO] [] [org.primefaces.webapp.PostConstructApplicationEventListener] [tid: _ThreadID=363 _ThreadName=admin-listener(8)] [timeMillis: 1473210274461] [levelValue: 800] [[
  Running on PrimeFaces 5.2]]

[2016-09-06T20:04:34.477-0500] [glassfish 4.0] [INFO] [AS-WEB-GLUE-00172] [javax.enterprise.web] [tid: _ThreadID=363 _ThreadName=admin-listener(8)] [timeMillis: 1473210274477] [levelValue: 800] [[
  Loading application [Lab2-MueblesDeLosAlpes-war] at [/Lab2-MueblesDeLosAlpes-war]]]

[2016-09-06T20:04:34.486-0500] [glassfish 4.0] [INFO] [] [javax.enterprise.system.core] [tid: _ThreadID=363 _ThreadName=admin-listener(8)] [timeMillis: 1473210274486] [levelValue: 800] [[
  Lab2-MueblesDeLosAlpes-war was successfully deployed in 762 milliseconds.]]

[2016-09-06T20:04:49.175-0500] [glassfish 4.0] [INFO] [] [javax.enterprise.system.tools.deployment.common] [tid: _ThreadID=34 _ThreadName=admin-listener(1)] [timeMillis: 1473210289175] [levelValue: 800] [[
  visiting unvisited references]]

[2016-09-06T20:04:49.215-0500] [glassfish 4.0] [INFO] [] [javax.enterprise.system.tools.deployment.common] [tid: _ThreadID=34 _ThreadName=admin-listener(1)] [timeMillis: 1473210289215] [levelValue: 800] [[
  visiting unvisited references]]

[2016-09-06T20:04:49.216-0500] [glassfish 4.0] [INFO] [] [javax.enterprise.system.tools.deployment.common] [tid: _ThreadID=34 _ThreadName=admin-listener(1)] [timeMillis: 1473210289216] [levelValue: 800] [[
  visiting unvisited references]]

[2016-09-06T20:04:49.216-0500] [glassfish 4.0] [INFO] [] [javax.enterprise.system.tools.deployment.common] [tid: _ThreadID=34 _ThreadName=admin-listener(1)] [timeMillis: 1473210289216] [levelValue: 800] [[
  visiting unvisited references]]

[2016-09-06T20:04:49.217-0500] [glassfish 4.0] [INFO] [] [javax.enterprise.system.tools.deployment.common] [tid: _ThreadID=34 _ThreadName=admin-listener(1)] [timeMillis: 1473210289217] [levelValue: 800] [[
  visiting unvisited references]]

[2016-09-06T20:04:49.217-0500] [glassfish 4.0] [INFO] [] [javax.enterprise.system.tools.deployment.common] [tid: _ThreadID=34 _ThreadName=admin-listener(1)] [timeMillis: 1473210289217] [levelValue: 800] [[
  visiting unvisited references]]

[2016-09-06T20:04:49.526-0500] [glassfish 4.0] [INFO] [jsf.config.listener.version] [javax.enterprise.resource.webcontainer.jsf.config] [tid: _ThreadID=34 _ThreadName=admin-listener(1)] [timeMillis: 1473210289526] [levelValue: 800] [[
  Inicializando Mojarra 2.2.0 ( 20130502-2118 https://svn.java.net/svn/mojarra~svn/tags/2.2.0@11930) para el contexto '/Lab2-MueblesDeLosAlpes-war']]

[2016-09-06T20:04:49.780-0500] [glassfish 4.0] [INFO] [] [org.primefaces.webapp.PostConstructApplicationEventListener] [tid: _ThreadID=34 _ThreadName=admin-listener(1)] [timeMillis: 1473210289780] [levelValue: 800] [[
  Running on PrimeFaces 5.2]]

[2016-09-06T20:04:49.797-0500] [glassfish 4.0] [INFO] [AS-WEB-GLUE-00172] [javax.enterprise.web] [tid: _ThreadID=34 _ThreadName=admin-listener(1)] [timeMillis: 1473210289797] [levelValue: 800] [[
  Loading application [Lab2-MueblesDeLosAlpes-war] at [/Lab2-MueblesDeLosAlpes-war]]]

[2016-09-06T20:04:49.805-0500] [glassfish 4.0] [INFO] [] [javax.enterprise.system.core] [tid: _ThreadID=34 _ThreadName=admin-listener(1)] [timeMillis: 1473210289805] [levelValue: 800] [[
  Lab2-MueblesDeLosAlpes-war was successfully deployed in 786 milliseconds.]]

[2016-09-06T20:04:52.653-0500] [glassfish 4.0] [SEVERE] [] [javax.enterprise.resource.webcontainer.jsf.application] [tid: _ThreadID=79 _ThreadName=http-listener-1(1)] [timeMillis: 1473210292653] [levelValue: 1000] [[
  Error Rendering View[/carrito-compras.xhtml]
javax.el.ELException: /carrito-compras.xhtml @71,26 value="#{carritoBean.carritos}": java.lang.RuntimeException: Uncompilable source code - Erroneous sym type: com.losalpes.servicios.IServicioCarrito.darCarritoCompras
	at com.sun.faces.facelets.el.TagValueExpression.getValue(TagValueExpression.java:114)
	at javax.faces.component.ComponentStateHelper.eval(ComponentStateHelper.java:194)
	at javax.faces.component.ComponentStateHelper.eval(ComponentStateHelper.java:182)
	at javax.faces.component.UIData.getValue(UIData.java:732)
	at org.primefaces.component.api.UIData.getDataModel(UIData.java:758)
	at javax.faces.component.UIData.getRowCount(UIData.java:356)
	at org.primefaces.component.api.UIData.calculateFirst(UIData.java:209)
	at org.primefaces.component.datatable.DataTableRenderer.preRender(DataTableRenderer.java:115)
	at org.primefaces.component.datatable.DataTableRenderer.encodeEnd(DataTableRenderer.java:83)
	at javax.faces.component.UIComponentBase.encodeEnd(UIComponentBase.java:924)
	at javax.faces.component.UIComponent.encodeAll(UIComponent.java:1863)
	at javax.faces.render.Renderer.encodeChildren(Renderer.java:176)
	at javax.faces.component.UIComponentBase.encodeChildren(UIComponentBase.java:894)
	at javax.faces.component.UIComponent.encodeAll(UIComponent.java:1856)
	at javax.faces.component.UIComponent.encodeAll(UIComponent.java:1859)
	at javax.faces.component.UIComponent.encodeAll(UIComponent.java:1859)
	at com.sun.faces.application.view.FaceletViewHandlingStrategy.renderView(FaceletViewHandlingStrategy.java:443)
	at com.sun.faces.application.view.MultiViewHandler.renderView(MultiViewHandler.java:131)
	at com.sun.faces.lifecycle.RenderResponsePhase.execute(RenderResponsePhase.java:120)
	at com.sun.faces.lifecycle.Phase.doPhase(Phase.java:101)
	at com.sun.faces.lifecycle.LifecycleImpl.render(LifecycleImpl.java:219)
	at javax.faces.webapp.FacesServlet.service(FacesServlet.java:647)
	at org.apache.catalina.core.StandardWrapper.service(StandardWrapper.java:1682)
	at org.apache.catalina.core.StandardWrapperValve.invoke(StandardWrapperValve.java:318)
	at org.apache.catalina.core.StandardContextValve.invoke(StandardContextValve.java:160)
	at org.apache.catalina.core.StandardPipeline.doInvoke(StandardPipeline.java:734)
	at org.apache.catalina.core.StandardPipeline.invoke(StandardPipeline.java:673)
	at com.sun.enterprise.web.WebPipeline.invoke(WebPipeline.java:99)
	at org.apache.catalina.core.StandardHostValve.invoke(StandardHostValve.java:174)
	at org.apache.catalina.connector.CoyoteAdapter.doService(CoyoteAdapter.java:357)
	at org.apache.catalina.connector.CoyoteAdapter.service(CoyoteAdapter.java:260)
	at com.sun.enterprise.v3.services.impl.ContainerMapper.service(ContainerMapper.java:188)
	at org.glassfish.grizzly.http.server.HttpHandler.runService(HttpHandler.java:191)
	at org.glassfish.grizzly.http.server.HttpHandler.doHandle(HttpHandler.java:168)
	at org.glassfish.grizzly.http.server.HttpServerFilter.handleRead(HttpServerFilter.java:189)
	at org.glassfish.grizzly.filterchain.ExecutorResolver$9.execute(ExecutorResolver.java:119)
	at org.glassfish.grizzly.filterchain.DefaultFilterChain.executeFilter(DefaultFilterChain.java:288)
	at org.glassfish.grizzly.filterchain.DefaultFilterChain.executeChainPart(DefaultFilterChain.java:206)
	at org.glassfish.grizzly.filterchain.DefaultFilterChain.execute(DefaultFilterChain.java:136)
	at org.glassfish.grizzly.filterchain.DefaultFilterChain.process(DefaultFilterChain.java:114)
	at org.glassfish.grizzly.ProcessorExecutor.execute(ProcessorExecutor.java:77)
	at org.glassfish.grizzly.nio.transport.TCPNIOTransport.fireIOEvent(TCPNIOTransport.java:838)
	at org.glassfish.grizzly.strategies.AbstractIOStrategy.fireIOEvent(AbstractIOStrategy.java:113)
	at org.glassfish.grizzly.strategies.WorkerThreadIOStrategy.run0(WorkerThreadIOStrategy.java:115)
	at org.glassfish.grizzly.strategies.WorkerThreadIOStrategy.access$100(WorkerThreadIOStrategy.java:55)
	at org.glassfish.grizzly.strategies.WorkerThreadIOStrategy$WorkerThreadRunnable.run(WorkerThreadIOStrategy.java:135)
	at org.glassfish.grizzly.threadpool.AbstractThreadPool$Worker.doWork(AbstractThreadPool.java:564)
	at org.glassfish.grizzly.threadpool.AbstractThreadPool$Worker.run(AbstractThreadPool.java:544)
	at java.lang.Thread.run(Thread.java:745)
Caused by: javax.el.ELException: java.lang.RuntimeException: Uncompilable source code - Erroneous sym type: com.losalpes.servicios.IServicioCarrito.darCarritoCompras
	at javax.el.BeanELResolver.getValue(BeanELResolver.java:368)
	at com.sun.faces.el.DemuxCompositeELResolver._getValue(DemuxCompositeELResolver.java:176)
	at com.sun.faces.el.DemuxCompositeELResolver.getValue(DemuxCompositeELResolver.java:203)
	at com.sun.el.parser.AstValue.getValue(AstValue.java:140)
	at com.sun.el.parser.AstValue.getValue(AstValue.java:204)
	at com.sun.el.ValueExpressionImpl.getValue(ValueExpressionImpl.java:226)
	at com.sun.faces.facelets.el.TagValueExpression.getValue(TagValueExpression.java:109)
	... 48 more
Caused by: java.lang.RuntimeException: Uncompilable source code - Erroneous sym type: com.losalpes.servicios.IServicioCarrito.darCarritoCompras
	at com.losalpes.beans.carritoBean.getCarritos(carritoBean.java:99)
	at sun.reflect.NativeMethodAccessorImpl.invoke0(Native Method)
	at sun.reflect.NativeMethodAccessorImpl.invoke(NativeMethodAccessorImpl.java:57)
	at sun.reflect.DelegatingMethodAccessorImpl.invoke(DelegatingMethodAccessorImpl.java:43)
	at java.lang.reflect.Method.invoke(Method.java:606)
	at javax.el.BeanELResolver.getValue(BeanELResolver.java:363)
	... 54 more
]]

[2016-09-06T20:04:52.688-0500] [glassfish 4.0] [FATAL] [jsf.context.exception.handler.log] [javax.enterprise.resource.webcontainer.jsf.context] [tid: _ThreadID=79 _ThreadName=http-listener-1(1)] [timeMillis: 1473210292688] [levelValue: 1100] [[
  JSF1073: se ha interceptado javax.el.ELException durante el procesamiento de RENDER_RESPONSE 6 : UIComponent-ClientId=, Mensaje=/carrito-compras.xhtml @71,26 value="#{carritoBean.carritos}": java.lang.RuntimeException: Uncompilable source code - Erroneous sym type: com.losalpes.servicios.IServicioCarrito.darCarritoCompras]]

[2016-09-06T20:04:52.688-0500] [glassfish 4.0] [FATAL] [] [javax.enterprise.resource.webcontainer.jsf.context] [tid: _ThreadID=79 _ThreadName=http-listener-1(1)] [timeMillis: 1473210292688] [levelValue: 1100] [[
  /carrito-compras.xhtml @71,26 value="#{carritoBean.carritos}": java.lang.RuntimeException: Uncompilable source code - Erroneous sym type: com.losalpes.servicios.IServicioCarrito.darCarritoCompras
javax.el.ELException: /carrito-compras.xhtml @71,26 value="#{carritoBean.carritos}": java.lang.RuntimeException: Uncompilable source code - Erroneous sym type: com.losalpes.servicios.IServicioCarrito.darCarritoCompras
	at com.sun.faces.facelets.el.TagValueExpression.getValue(TagValueExpression.java:114)
	at javax.faces.component.ComponentStateHelper.eval(ComponentStateHelper.java:194)
	at javax.faces.component.ComponentStateHelper.eval(ComponentStateHelper.java:182)
	at javax.faces.component.UIData.getValue(UIData.java:732)
	at org.primefaces.component.api.UIData.getDataModel(UIData.java:758)
	at javax.faces.component.UIData.getRowCount(UIData.java:356)
	at org.primefaces.component.api.UIData.calculateFirst(UIData.java:209)
	at org.primefaces.component.datatable.DataTableRenderer.preRender(DataTableRenderer.java:115)
	at org.primefaces.component.datatable.DataTableRenderer.encodeEnd(DataTableRenderer.java:83)
	at javax.faces.component.UIComponentBase.encodeEnd(UIComponentBase.java:924)
	at javax.faces.component.UIComponent.encodeAll(UIComponent.java:1863)
	at javax.faces.render.Renderer.encodeChildren(Renderer.java:176)
	at javax.faces.component.UIComponentBase.encodeChildren(UIComponentBase.java:894)
	at javax.faces.component.UIComponent.encodeAll(UIComponent.java:1856)
	at javax.faces.component.UIComponent.encodeAll(UIComponent.java:1859)
	at javax.faces.component.UIComponent.encodeAll(UIComponent.java:1859)
	at com.sun.faces.application.view.FaceletViewHandlingStrategy.renderView(FaceletViewHandlingStrategy.java:443)
	at com.sun.faces.application.view.MultiViewHandler.renderView(MultiViewHandler.java:131)
	at com.sun.faces.lifecycle.RenderResponsePhase.execute(RenderResponsePhase.java:120)
	at com.sun.faces.lifecycle.Phase.doPhase(Phase.java:101)
	at com.sun.faces.lifecycle.LifecycleImpl.render(LifecycleImpl.java:219)
	at javax.faces.webapp.FacesServlet.service(FacesServlet.java:647)
	at org.apache.catalina.core.StandardWrapper.service(StandardWrapper.java:1682)
	at org.apache.catalina.core.StandardWrapperValve.invoke(StandardWrapperValve.java:318)
	at org.apache.catalina.core.StandardContextValve.invoke(StandardContextValve.java:160)
	at org.apache.catalina.core.StandardPipeline.doInvoke(StandardPipeline.java:734)
	at org.apache.catalina.core.StandardPipeline.invoke(StandardPipeline.java:673)
	at com.sun.enterprise.web.WebPipeline.invoke(WebPipeline.java:99)
	at org.apache.catalina.core.StandardHostValve.invoke(StandardHostValve.java:174)
	at org.apache.catalina.connector.CoyoteAdapter.doService(CoyoteAdapter.java:357)
	at org.apache.catalina.connector.CoyoteAdapter.service(CoyoteAdapter.java:260)
	at com.sun.enterprise.v3.services.impl.ContainerMapper.service(ContainerMapper.java:188)
	at org.glassfish.grizzly.http.server.HttpHandler.runService(HttpHandler.java:191)
	at org.glassfish.grizzly.http.server.HttpHandler.doHandle(HttpHandler.java:168)
	at org.glassfish.grizzly.http.server.HttpServerFilter.handleRead(HttpServerFilter.java:189)
	at org.glassfish.grizzly.filterchain.ExecutorResolver$9.execute(ExecutorResolver.java:119)
	at org.glassfish.grizzly.filterchain.DefaultFilterChain.executeFilter(DefaultFilterChain.java:288)
	at org.glassfish.grizzly.filterchain.DefaultFilterChain.executeChainPart(DefaultFilterChain.java:206)
	at org.glassfish.grizzly.filterchain.DefaultFilterChain.execute(DefaultFilterChain.java:136)
	at org.glassfish.grizzly.filterchain.DefaultFilterChain.process(DefaultFilterChain.java:114)
	at org.glassfish.grizzly.ProcessorExecutor.execute(ProcessorExecutor.java:77)
	at org.glassfish.grizzly.nio.transport.TCPNIOTransport.fireIOEvent(TCPNIOTransport.java:838)
	at org.glassfish.grizzly.strategies.AbstractIOStrategy.fireIOEvent(AbstractIOStrategy.java:113)
	at org.glassfish.grizzly.strategies.WorkerThreadIOStrategy.run0(WorkerThreadIOStrategy.java:115)
	at org.glassfish.grizzly.strategies.WorkerThreadIOStrategy.access$100(WorkerThreadIOStrategy.java:55)
	at org.glassfish.grizzly.strategies.WorkerThreadIOStrategy$WorkerThreadRunnable.run(WorkerThreadIOStrategy.java:135)
	at org.glassfish.grizzly.threadpool.AbstractThreadPool$Worker.doWork(AbstractThreadPool.java:564)
	at org.glassfish.grizzly.threadpool.AbstractThreadPool$Worker.run(AbstractThreadPool.java:544)
	at java.lang.Thread.run(Thread.java:745)
Caused by: javax.el.ELException: java.lang.RuntimeException: Uncompilable source code - Erroneous sym type: com.losalpes.servicios.IServicioCarrito.darCarritoCompras
	at javax.el.BeanELResolver.getValue(BeanELResolver.java:368)
	at com.sun.faces.el.DemuxCompositeELResolver._getValue(DemuxCompositeELResolver.java:176)
	at com.sun.faces.el.DemuxCompositeELResolver.getValue(DemuxCompositeELResolver.java:203)
	at com.sun.el.parser.AstValue.getValue(AstValue.java:140)
	at com.sun.el.parser.AstValue.getValue(AstValue.java:204)
	at com.sun.el.ValueExpressionImpl.getValue(ValueExpressionImpl.java:226)
	at com.sun.faces.facelets.el.TagValueExpression.getValue(TagValueExpression.java:109)
	... 48 more
Caused by: java.lang.RuntimeException: Uncompilable source code - Erroneous sym type: com.losalpes.servicios.IServicioCarrito.darCarritoCompras
	at com.losalpes.beans.carritoBean.getCarritos(carritoBean.java:99)
	at sun.reflect.NativeMethodAccessorImpl.invoke0(Native Method)
	at sun.reflect.NativeMethodAccessorImpl.invoke(NativeMethodAccessorImpl.java:57)
	at sun.reflect.DelegatingMethodAccessorImpl.invoke(DelegatingMethodAccessorImpl.java:43)
	at java.lang.reflect.Method.invoke(Method.java:606)
	at javax.el.BeanELResolver.getValue(BeanELResolver.java:363)
	... 54 more
]]

[2016-09-06T20:04:58.529-0500] [glassfish 4.0] [INFO] [] [javax.enterprise.system.tools.deployment.common] [tid: _ThreadID=34 _ThreadName=admin-listener(1)] [timeMillis: 1473210298529] [levelValue: 800] [[
  visiting unvisited references]]

[2016-09-06T20:04:58.568-0500] [glassfish 4.0] [INFO] [] [javax.enterprise.system.tools.deployment.common] [tid: _ThreadID=34 _ThreadName=admin-listener(1)] [timeMillis: 1473210298568] [levelValue: 800] [[
  visiting unvisited references]]

[2016-09-06T20:04:58.569-0500] [glassfish 4.0] [INFO] [] [javax.enterprise.system.tools.deployment.common] [tid: _ThreadID=34 _ThreadName=admin-listener(1)] [timeMillis: 1473210298569] [levelValue: 800] [[
  visiting unvisited references]]

[2016-09-06T20:04:58.569-0500] [glassfish 4.0] [INFO] [] [javax.enterprise.system.tools.deployment.common] [tid: _ThreadID=34 _ThreadName=admin-listener(1)] [timeMillis: 1473210298569] [levelValue: 800] [[
  visiting unvisited references]]

[2016-09-06T20:04:58.570-0500] [glassfish 4.0] [INFO] [] [javax.enterprise.system.tools.deployment.common] [tid: _ThreadID=34 _ThreadName=admin-listener(1)] [timeMillis: 1473210298570] [levelValue: 800] [[
  visiting unvisited references]]

[2016-09-06T20:04:58.570-0500] [glassfish 4.0] [INFO] [] [javax.enterprise.system.tools.deployment.common] [tid: _ThreadID=34 _ThreadName=admin-listener(1)] [timeMillis: 1473210298570] [levelValue: 800] [[
  visiting unvisited references]]

[2016-09-06T20:04:58.894-0500] [glassfish 4.0] [INFO] [jsf.config.listener.version] [javax.enterprise.resource.webcontainer.jsf.config] [tid: _ThreadID=34 _ThreadName=admin-listener(1)] [timeMillis: 1473210298894] [levelValue: 800] [[
  Inicializando Mojarra 2.2.0 ( 20130502-2118 https://svn.java.net/svn/mojarra~svn/tags/2.2.0@11930) para el contexto '/Lab2-MueblesDeLosAlpes-war']]

[2016-09-06T20:04:59.176-0500] [glassfish 4.0] [INFO] [] [org.primefaces.webapp.PostConstructApplicationEventListener] [tid: _ThreadID=34 _ThreadName=admin-listener(1)] [timeMillis: 1473210299176] [levelValue: 800] [[
  Running on PrimeFaces 5.2]]

[2016-09-06T20:04:59.189-0500] [glassfish 4.0] [INFO] [AS-WEB-GLUE-00172] [javax.enterprise.web] [tid: _ThreadID=34 _ThreadName=admin-listener(1)] [timeMillis: 1473210299189] [levelValue: 800] [[
  Loading application [Lab2-MueblesDeLosAlpes-war] at [/Lab2-MueblesDeLosAlpes-war]]]

[2016-09-06T20:04:59.196-0500] [glassfish 4.0] [INFO] [] [javax.enterprise.system.core] [tid: _ThreadID=34 _ThreadName=admin-listener(1)] [timeMillis: 1473210299196] [levelValue: 800] [[
  Lab2-MueblesDeLosAlpes-war was successfully deployed in 807 milliseconds.]]

